<?xml version="1.0" encoding="UTF-8"?>
<!-- Generated by org.testng.reporters.JUnitReportReporter -->
<testsuite hostname="DESKTOP-64I2TDN" failures="0" tests="4" name="mobiles.api.TestCases.MobileTestcases" time="6.520" errors="0" timestamp="2024-08-08T13:28:45 IST" skipped="0">
  <testcase classname="mobiles.api.TestCases.MobileTestcases" name="dataGeneration" time="0.369"/>
  <system-out/>
  <testcase classname="mobiles.api.TestCases.MobileTestcases" name="dataGeneration" time="5.470"/>
  <system-out/>
  <testcase classname="mobiles.api.TestCases.MobileTestcases" name="dataGeneration" time="0.351"/>
  <system-out/>
  <testcase classname="mobiles.api.TestCases.MobileTestcases" name="dataGeneration" time="0.330"/>
  <system-out/>
</testsuite> <!-- mobiles.api.TestCases.MobileTestcases -->
